<?xml version="1.0" encoding="UTF-8"?>
<robot generator="Robot 7.1.1 (Python 3.11.9 on win32)" generated="2024-12-06T03:53:56.535580" rpa="false" schemaversion="5">
<suite id="s1" name="Project-SE" source="D:\Project-SE">
<suite id="s1-s1" name="Src" source="D:\Project-SE\src">
<suite id="s1-s1-s1" name="Test" source="D:\Project-SE\src\Test">
<suite id="s1-s1-s1-s1" name="Logintest" source="D:\Project-SE\src\Test\logintest.robot">
<test id="s1-s1-s1-s1-t1" name="Register ID" line="15">
<kw name="Register">
<kw name="Open Browser" owner="SeleniumLibrary">
<msg time="2024-12-06T03:53:57.671886" level="INFO">Opening browser 'edge' to base url 'http://localhost:3000/home-login-register'.</msg>
<arg>${BASE_URL}</arg>
<arg>edge</arg>
<doc>Opens a new browser instance to the optional ``url``.</doc>
<status status="PASS" start="2024-12-06T03:53:57.671886" elapsed="3.939531"/>
</kw>
<kw name="Set Window Size" owner="SeleniumLibrary">
<arg>width=300</arg>
<arg>height=1000</arg>
<doc>Sets current windows size to given ``width`` and ``height``.</doc>
<status status="PASS" start="2024-12-06T03:54:01.612417" elapsed="0.395851"/>
</kw>
<kw name="Click Element" owner="SeleniumLibrary">
<msg time="2024-12-06T03:54:02.010787" level="INFO">Clicking element '//*[@id="root"]/div/div[2]/button[2]'.</msg>
<arg>//*[@id="root"]/div/div[2]/button[2]</arg>
<doc>Click the element identified by ``locator``.</doc>
<status status="PASS" start="2024-12-06T03:54:02.009786" elapsed="0.164561"/>
</kw>
<kw name="Sleep" owner="BuiltIn">
<msg time="2024-12-06T03:54:04.175981" level="INFO">Slept 2 seconds.</msg>
<arg>2s</arg>
<doc>Pauses the test executed for the given time.</doc>
<status status="PASS" start="2024-12-06T03:54:02.174347" elapsed="2.001634"/>
</kw>
<kw name="Input Text" owner="SeleniumLibrary">
<msg time="2024-12-06T03:54:04.175981" level="INFO">Typing text 'Pear' into text field '//*[@id="username"]'.</msg>
<arg>//*[@id="username"]</arg>
<arg>Pear</arg>
<doc>Types the given ``text`` into the text field identified by ``locator``.</doc>
<status status="PASS" start="2024-12-06T03:54:04.175981" elapsed="0.073162"/>
</kw>
<kw name="Input Text" owner="SeleniumLibrary">
<msg time="2024-12-06T03:54:04.251147" level="INFO">Typing text '6vLpK@example.com' into text field '//*[@id="email"]'.</msg>
<arg>//*[@id="email"]</arg>
<arg>6vLpK@example.com</arg>
<doc>Types the given ``text`` into the text field identified by ``locator``.</doc>
<status status="PASS" start="2024-12-06T03:54:04.250143" elapsed="0.098180"/>
</kw>
<kw name="Input Text" owner="SeleniumLibrary">
<msg time="2024-12-06T03:54:04.349431" level="INFO">Typing text '123' into text field '//*[@id="password"]'.</msg>
<arg>//*[@id="password"]</arg>
<arg>123</arg>
<doc>Types the given ``text`` into the text field identified by ``locator``.</doc>
<status status="PASS" start="2024-12-06T03:54:04.348323" elapsed="0.065935"/>
</kw>
<kw name="Input Text" owner="SeleniumLibrary">
<msg time="2024-12-06T03:54:04.415667" level="INFO">Typing text '123' into text field '//*[@id="confirmPassword"]'.</msg>
<arg>//*[@id="confirmPassword"]</arg>
<arg>123</arg>
<doc>Types the given ``text`` into the text field identified by ``locator``.</doc>
<status status="PASS" start="2024-12-06T03:54:04.415667" elapsed="0.067703"/>
</kw>
<kw name="Capture Page Screenshot" owner="SeleniumLibrary">
<msg time="2024-12-06T03:54:04.535230" level="INFO" html="true">&lt;/td&gt;&lt;/tr&gt;&lt;tr&gt;&lt;td colspan="3"&gt;&lt;a href="register/register-test.png"&gt;&lt;img src="register/register-test.png" width="800px"&gt;&lt;/a&gt;</msg>
<arg>register/register-test.png</arg>
<doc>Takes a screenshot of the current page and embeds it into a log file.</doc>
<status status="PASS" start="2024-12-06T03:54:04.483370" elapsed="0.051860"/>
</kw>
<kw name="Click Button" owner="SeleniumLibrary">
<msg time="2024-12-06T03:54:04.536736" level="INFO">Clicking button '//*[@id="root"]/div/div[1]/form/button'.</msg>
<arg>//*[@id="root"]/div/div[1]/form/button</arg>
<doc>Clicks the button identified by ``locator``.</doc>
<status status="PASS" start="2024-12-06T03:54:04.535230" elapsed="0.100680"/>
</kw>
<kw name="Sleep" owner="BuiltIn">
<msg time="2024-12-06T03:54:06.637802" level="INFO">Slept 2 seconds.</msg>
<arg>2s</arg>
<doc>Pauses the test executed for the given time.</doc>
<status status="PASS" start="2024-12-06T03:54:04.635910" elapsed="2.001892"/>
</kw>
<kw name="Capture Page Screenshot" owner="SeleniumLibrary">
<msg time="2024-12-06T03:54:06.678517" level="INFO" html="true">&lt;/td&gt;&lt;/tr&gt;&lt;tr&gt;&lt;td colspan="3"&gt;&lt;a href="register/register-test-success.png"&gt;&lt;img src="register/register-test-success.png" width="800px"&gt;&lt;/a&gt;</msg>
<arg>register/register-test-success.png</arg>
<doc>Takes a screenshot of the current page and embeds it into a log file.</doc>
<status status="PASS" start="2024-12-06T03:54:06.637802" elapsed="0.042029"/>
</kw>
<kw name="Reload Page" owner="SeleniumLibrary">
<doc>Simulates user reloading page.</doc>
<status status="PASS" start="2024-12-06T03:54:06.679831" elapsed="0.255780"/>
</kw>
<kw name="Sleep" owner="BuiltIn">
<msg time="2024-12-06T03:54:08.937132" level="INFO">Slept 2 seconds.</msg>
<arg>2s</arg>
<doc>Pauses the test executed for the given time.</doc>
<status status="PASS" start="2024-12-06T03:54:06.935611" elapsed="2.001521"/>
</kw>
<kw name="Click Element" owner="SeleniumLibrary">
<msg time="2024-12-06T03:54:08.938148" level="INFO">Clicking element '//*[@id="root"]/div/div[2]/button'.</msg>
<arg>//*[@id="root"]/div/div[2]/button</arg>
<doc>Click the element identified by ``locator``.</doc>
<status status="PASS" start="2024-12-06T03:54:08.937132" elapsed="0.060664"/>
</kw>
<kw name="Sleep" owner="BuiltIn">
<msg time="2024-12-06T03:54:10.999120" level="INFO">Slept 2 seconds.</msg>
<arg>2s</arg>
<doc>Pauses the test executed for the given time.</doc>
<status status="PASS" start="2024-12-06T03:54:08.997796" elapsed="2.001324"/>
</kw>
<kw name="Capture Page Screenshot" owner="SeleniumLibrary">
<msg time="2024-12-06T03:54:11.034651" level="INFO" html="true">&lt;/td&gt;&lt;/tr&gt;&lt;tr&gt;&lt;td colspan="3"&gt;&lt;a href="register/register-test-setting.png"&gt;&lt;img src="register/register-test-setting.png" width="800px"&gt;&lt;/a&gt;</msg>
<arg>register/register-test-setting.png</arg>
<doc>Takes a screenshot of the current page and embeds it into a log file.</doc>
<status status="PASS" start="2024-12-06T03:54:10.999120" elapsed="0.035531"/>
</kw>
<kw name="Click Element" owner="SeleniumLibrary">
<msg time="2024-12-06T03:54:11.035700" level="INFO">Clicking element '//*[@id="root"]/div/div/div[4]/button'.</msg>
<arg>//*[@id="root"]/div/div/div[4]/button</arg>
<doc>Click the element identified by ``locator``.</doc>
<status status="PASS" start="2024-12-06T03:54:11.035700" elapsed="0.209817"/>
</kw>
<status status="PASS" start="2024-12-06T03:53:57.670853" elapsed="13.574664"/>
</kw>
<kw name="Setting-Profile">
<kw name="Input Text" owner="SeleniumLibrary">
<msg time="2024-12-06T03:54:11.247713" level="INFO">Typing text 'PEARPLOY' into text field '//*[@id="root"]/div/div[2]/div[1]/div/input'.</msg>
<arg>//*[@id="root"]/div/div[2]/div[1]/div/input</arg>
<arg>PEARPLOY</arg>
<doc>Types the given ``text`` into the text field identified by ``locator``.</doc>
<status status="PASS" start="2024-12-06T03:54:11.246708" elapsed="0.080893"/>
</kw>
<kw name="Input Text" owner="SeleniumLibrary">
<msg time="2024-12-06T03:54:11.328658" level="INFO">Typing text '21/01/2003' into text field '//*[@id="root"]/div/div[2]/div[2]/div/input'.</msg>
<arg>//*[@id="root"]/div/div[2]/div[2]/div/input</arg>
<arg>21/01/2003</arg>
<doc>Types the given ``text`` into the text field identified by ``locator``.</doc>
<status status="PASS" start="2024-12-06T03:54:11.327601" elapsed="0.055638"/>
</kw>
<kw name="Capture Page Screenshot" owner="SeleniumLibrary">
<msg time="2024-12-06T03:54:11.427191" level="INFO" html="true">&lt;/td&gt;&lt;/tr&gt;&lt;tr&gt;&lt;td colspan="3"&gt;&lt;a href="setting/setting-test.png"&gt;&lt;img src="setting/setting-test.png" width="800px"&gt;&lt;/a&gt;</msg>
<arg>setting/setting-test.png</arg>
<doc>Takes a screenshot of the current page and embeds it into a log file.</doc>
<status status="PASS" start="2024-12-06T03:54:11.383239" elapsed="0.044966"/>
</kw>
<kw name="Click Element" owner="SeleniumLibrary">
<msg time="2024-12-06T03:54:11.428205" level="INFO">Clicking element '//*[@id="root"]/div/div[3]/div/div[2]/button'.</msg>
<arg>//*[@id="root"]/div/div[3]/div/div[2]/button</arg>
<doc>Click the element identified by ``locator``.</doc>
<status status="PASS" start="2024-12-06T03:54:11.428205" elapsed="0.045939"/>
</kw>
<kw name="Click Element" owner="SeleniumLibrary">
<msg time="2024-12-06T03:54:11.475148" level="INFO">Clicking element '//*[@id="root"]/div/div[4]/div/div[3]/button'.</msg>
<arg>//*[@id="root"]/div/div[4]/div/div[3]/button</arg>
<doc>Click the element identified by ``locator``.</doc>
<status status="PASS" start="2024-12-06T03:54:11.475148" elapsed="0.046443"/>
</kw>
<kw name="Input Text" owner="SeleniumLibrary">
<msg time="2024-12-06T03:54:11.521591" level="INFO">Typing text 'KMUTT' into text field '//*[@id="root"]/div/div[5]/div/input'.</msg>
<arg>//*[@id="root"]/div/div[5]/div/input</arg>
<arg>KMUTT</arg>
<doc>Types the given ``text`` into the text field identified by ``locator``.</doc>
<status status="PASS" start="2024-12-06T03:54:11.521591" elapsed="0.054637"/>
</kw>
<kw name="Click Element" owner="SeleniumLibrary">
<msg time="2024-12-06T03:54:11.577237" level="INFO">Clicking element '//*[@id="root"]/div/div[6]/div/div[1]/button[1]'.</msg>
<arg>//*[@id="root"]/div/div[6]/div/div[1]/button[1]</arg>
<doc>Click the element identified by ``locator``.</doc>
<status status="PASS" start="2024-12-06T03:54:11.576228" elapsed="0.044367"/>
</kw>
<kw name="Click Element" owner="SeleniumLibrary">
<msg time="2024-12-06T03:54:11.621595" level="INFO">Clicking element '//*[@id="root"]/div/div[6]/div/div[1]/button[2]'.</msg>
<arg>//*[@id="root"]/div/div[6]/div/div[1]/button[2]</arg>
<doc>Click the element identified by ``locator``.</doc>
<status status="PASS" start="2024-12-06T03:54:11.620595" elapsed="0.044650"/>
</kw>
<kw name="Click Button" owner="SeleniumLibrary">
<msg time="2024-12-06T03:54:11.666303" level="INFO">Clicking button '//*[@id="root"]/div/button'.</msg>
<arg>//*[@id="root"]/div/button</arg>
<doc>Clicks the button identified by ``locator``.</doc>
<status status="PASS" start="2024-12-06T03:54:11.666303" elapsed="0.055110"/>
</kw>
<kw name="Sleep" owner="BuiltIn">
<msg time="2024-12-06T03:54:13.721519" level="INFO">Slept 2 seconds.</msg>
<arg>2s</arg>
<doc>Pauses the test executed for the given time.</doc>
<status status="PASS" start="2024-12-06T03:54:11.721413" elapsed="2.000106"/>
</kw>
<kw name="Capture Page Screenshot" owner="SeleniumLibrary">
<msg time="2024-12-06T03:54:13.755700" level="INFO" html="true">&lt;/td&gt;&lt;/tr&gt;&lt;tr&gt;&lt;td colspan="3"&gt;&lt;a href="setting/setting-test-success.png"&gt;&lt;img src="setting/setting-test-success.png" width="800px"&gt;&lt;/a&gt;</msg>
<arg>setting/setting-test-success.png</arg>
<doc>Takes a screenshot of the current page and embeds it into a log file.</doc>
<status status="PASS" start="2024-12-06T03:54:13.722106" elapsed="0.033594"/>
</kw>
<status status="PASS" start="2024-12-06T03:54:11.245517" elapsed="2.510183"/>
</kw>
<kw name="Upload Photo">
<kw name="Sleep" owner="BuiltIn">
<msg time="2024-12-06T03:54:15.758038" level="INFO">Slept 2 seconds.</msg>
<arg>2s</arg>
<doc>Pauses the test executed for the given time.</doc>
<status status="PASS" start="2024-12-06T03:54:13.757518" elapsed="2.000520"/>
</kw>
<kw name="Click Element" owner="SeleniumLibrary">
<msg time="2024-12-06T03:54:15.759049" level="INFO">Clicking element '//*[@id="root"]/div/div/div[2]/div[1]/label'.</msg>
<arg>//*[@id="root"]/div/div/div[2]/div[1]/label</arg>
<doc>Click the element identified by ``locator``.</doc>
<status status="PASS" start="2024-12-06T03:54:15.758038" elapsed="0.056338"/>
</kw>
<kw name="Sleep" owner="BuiltIn">
<msg time="2024-12-06T03:54:25.814725" level="INFO">Slept 10 seconds.</msg>
<arg>10s</arg>
<doc>Pauses the test executed for the given time.</doc>
<status status="PASS" start="2024-12-06T03:54:15.814376" elapsed="10.000349"/>
</kw>
<kw name="Click Element" owner="SeleniumLibrary">
<msg time="2024-12-06T03:54:25.815890" level="INFO">Clicking element '//*[@id="root"]/div/div/div[2]/div[2]/label'.</msg>
<msg time="2024-12-06T03:54:26.018354" level="INFO" html="true">&lt;/td&gt;&lt;/tr&gt;&lt;tr&gt;&lt;td colspan="3"&gt;&lt;a href="selenium-screenshot-1.png"&gt;&lt;img src="selenium-screenshot-1.png" width="800px"&gt;&lt;/a&gt;</msg>
<msg time="2024-12-06T03:54:26.018868" level="FAIL">Element with locator '//*[@id="root"]/div/div/div[2]/div[2]/label' not found.</msg>
<arg>//*[@id="root"]/div/div/div[2]/div[2]/label</arg>
<doc>Click the element identified by ``locator``.</doc>
<status status="FAIL" start="2024-12-06T03:54:25.815354" elapsed="0.275502">Element with locator '//*[@id="root"]/div/div/div[2]/div[2]/label' not found.</status>
</kw>
<kw name="Sleep" owner="BuiltIn">
<arg>10s</arg>
<doc>Pauses the test executed for the given time.</doc>
<status status="NOT RUN" start="2024-12-06T03:54:26.090856" elapsed="0.000000"/>
</kw>
<kw name="Capture Page Screenshot" owner="SeleniumLibrary">
<arg>upload/upload-test.png</arg>
<doc>Takes a screenshot of the current page and embeds it into a log file.</doc>
<status status="NOT RUN" start="2024-12-06T03:54:26.090856" elapsed="0.001355"/>
</kw>
<kw name="Click Element" owner="SeleniumLibrary">
<arg>//*[@id="root"]/div/div/div[3]/button</arg>
<doc>Click the element identified by ``locator``.</doc>
<status status="NOT RUN" start="2024-12-06T03:54:26.092211" elapsed="0.000000"/>
</kw>
<kw name="Sleep" owner="BuiltIn">
<arg>2s</arg>
<doc>Pauses the test executed for the given time.</doc>
<status status="NOT RUN" start="2024-12-06T03:54:26.092211" elapsed="0.000000"/>
</kw>
<kw name="Run Keyword And Ignore Error" owner="BuiltIn">
<arg>Press Keys</arg>
<arg>None</arg>
<arg>Enter</arg>
<doc>Runs the given keyword with the given arguments and ignores possible error.</doc>
<status status="NOT RUN" start="2024-12-06T03:54:26.092211" elapsed="0.000000"/>
</kw>
<status status="FAIL" start="2024-12-06T03:54:13.755700" elapsed="12.336511">Element with locator '//*[@id="root"]/div/div/div[2]/div[2]/label' not found.</status>
</kw>
<kw name="Logout">
<status status="NOT RUN" start="2024-12-06T03:54:26.093211" elapsed="0.000000"/>
</kw>
<status status="FAIL" start="2024-12-06T03:53:57.669843" elapsed="28.423368">Element with locator '//*[@id="root"]/div/div/div[2]/div[2]/label' not found.</status>
</test>
<status status="FAIL" start="2024-12-06T03:53:56.627705" elapsed="29.468112"/>
</suite>
<status status="FAIL" start="2024-12-06T03:53:56.625436" elapsed="29.472894"/>
</suite>
<status status="FAIL" start="2024-12-06T03:53:56.623306" elapsed="29.476140"/>
</suite>
<status status="FAIL" start="2024-12-06T03:53:56.549389" elapsed="29.551056"/>
</suite>
<statistics>
<total>
<stat pass="0" fail="1" skip="0">All Tests</stat>
</total>
<tag>
</tag>
<suite>
<stat pass="0" fail="1" skip="0" id="s1" name="Project-SE">Project-SE</stat>
<stat pass="0" fail="1" skip="0" id="s1-s1" name="Src">Project-SE.Src</stat>
<stat pass="0" fail="1" skip="0" id="s1-s1-s1" name="Test">Project-SE.Src.Test</stat>
<stat pass="0" fail="1" skip="0" id="s1-s1-s1-s1" name="Logintest">Project-SE.Src.Test.Logintest</stat>
</suite>
</statistics>
<errors>
</errors>
</robot>
